0 info it worked if it ends with ok
1 verbose cli [ 'node', '/usr/local/bin/npm', 'run', 'build' ]
2 info using npm@2.13.5
3 info using node@v0.12.7
4 verbose run-script [ 'prebuild', 'build', 'postbuild' ]
5 info prebuild babel-transpilation@1.0.0
6 info build babel-transpilation@1.0.0
7 verbose unsafe-perm in lifecycle true
8 info babel-transpilation@1.0.0 Failed to exec build script
9 verbose stack Error: babel-transpilation@1.0.0 build: `babel src -d lib`
9 verbose stack spawn ENOENT
9 verbose stack     at ChildProcess.<anonymous> (/usr/local/lib/node_modules/npm/lib/utils/spawn.js:17:16)
9 verbose stack     at ChildProcess.emit (events.js:110:17)
9 verbose stack     at maybeClose (child_process.js:1015:16)
9 verbose stack     at Process.ChildProcess._handle.onexit (child_process.js:1087:5)
10 verbose pkgid babel-transpilation@1.0.0
11 verbose cwd /Users/benosuriano/Documents/Personal/Codecademy/projects/minesweeper
12 error Darwin 16.7.0
13 error argv "node" "/usr/local/bin/npm" "run" "build"
14 error node v0.12.7
15 error npm  v2.13.5
16 error file sh
17 error code ELIFECYCLE
18 error errno ENOENT
19 error syscall spawn
20 error babel-transpilation@1.0.0 build: `babel src -d lib`
20 error spawn ENOENT
21 error Failed at the babel-transpilation@1.0.0 build script 'babel src -d lib'.
21 error This is most likely a problem with the babel-transpilation package,
21 error not with npm itself.
21 error Tell the author that this fails on your system:
21 error     babel src -d lib
21 error You can get their info via:
21 error     npm owner ls babel-transpilation
21 error There is likely additional logging output above.
22 verbose exit [ 1, true ]
